<?xml version="1.0" encoding="UTF-8"?>
<robot generator="Robot 5.0.1 (Python 3.10.4 on win32)" generated="20220930 21:52:28.050" rpa="false" schemaversion="3">
<suite id="s1" name="Webautomation" source="C:\Users\ewerton.silva\Documents\curso\PHA\PHA_TREINAMENTOS\tests\feature\webautomation.robot">
<test id="s1-t1" name="Cenário04: Validar login com email incorreto" line="35">
<kw name="Abrir o meu navegador" library="hooks" type="SETUP">
<kw name="Open Browser" library="SeleniumLibrary">
<arg>${URL}</arg>
<arg>${BROWSER}</arg>
<doc>Opens a new browser instance to the optional ``url``.</doc>
<msg timestamp="20220930 21:52:28.830" level="INFO">Opening browser 'chrome' to base url 'https://learningprime.com.br/'.</msg>
<status status="PASS" starttime="20220930 21:52:28.830" endtime="20220930 21:52:35.213"/>
</kw>
<kw name="Maximize Browser Window" library="SeleniumLibrary">
<doc>Maximizes current browser window.</doc>
<status status="PASS" starttime="20220930 21:52:35.213" endtime="20220930 21:52:35.345"/>
</kw>
<status status="PASS" starttime="20220930 21:52:28.830" endtime="20220930 21:52:35.346"/>
</kw>
<kw name="Dado que eu esteja na tela de login" library="kws_login">
<kw name="Wait Until Element Is Visible" library="SeleniumLibrary">
<arg>${CADASTRO.BTN_LOGIN}</arg>
<doc>Waits until the element ``locator`` is visible.</doc>
<status status="PASS" starttime="20220930 21:52:35.348" endtime="20220930 21:52:35.402"/>
</kw>
<kw name="Click Element" library="SeleniumLibrary">
<arg>${CADASTRO.BTN_LOGIN}</arg>
<doc>Click the element identified by ``locator``.</doc>
<msg timestamp="20220930 21:52:35.403" level="INFO">Clicking element '//a[@href='/login']'.</msg>
<status status="PASS" starttime="20220930 21:52:35.402" endtime="20220930 21:52:35.923"/>
</kw>
<status status="PASS" starttime="20220930 21:52:35.347" endtime="20220930 21:52:35.923"/>
</kw>
<kw name="Quando informar um email incorreto" library="kws_login">
<kw name="Input Text" library="SeleniumLibrary">
<arg>${LOGIN.INPUT_EMAIL}</arg>
<arg>testeeeeeee@yopmail.com</arg>
<doc>Types the given ``text`` into the text field identified by ``locator``.</doc>
<msg timestamp="20220930 21:52:35.925" level="INFO">Typing text 'testeeeeeee@yopmail.com' into text field 'spree_user_email'.</msg>
<status status="PASS" starttime="20220930 21:52:35.924" endtime="20220930 21:52:35.996"/>
</kw>
<kw name="Input Text" library="SeleniumLibrary">
<arg>${LOGIN.INPUT_SENHA}</arg>
<arg>123456789</arg>
<doc>Types the given ``text`` into the text field identified by ``locator``.</doc>
<msg timestamp="20220930 21:52:35.997" level="INFO">Typing text '123456789' into text field 'spree_user_password'.</msg>
<status status="PASS" starttime="20220930 21:52:35.996" endtime="20220930 21:52:36.051"/>
</kw>
<kw name="Click Element" library="SeleniumLibrary">
<arg>${LOGIN.BTN_ENTRAR}</arg>
<doc>Click the element identified by ``locator``.</doc>
<msg timestamp="20220930 21:52:36.051" level="INFO">Clicking element '//input[@value='Entrar']'.</msg>
<status status="PASS" starttime="20220930 21:52:36.051" endtime="20220930 21:52:36.494"/>
</kw>
<status status="PASS" starttime="20220930 21:52:35.924" endtime="20220930 21:52:36.494"/>
</kw>
<kw name="Então a mensagem &quot;Email ou senha inválida.&quot; deve ser apresentada" library="kws_login">
<kw name="Wait Until Element Is Visible" library="SeleniumLibrary">
<arg>${LOGIN.ERROR_MESSAGE}</arg>
<doc>Waits until the element ``locator`` is visible.</doc>
<status status="PASS" starttime="20220930 21:52:36.496" endtime="20220930 21:52:36.525"/>
</kw>
<kw name="Element Text Should Be" library="SeleniumLibrary">
<arg>${LOGIN.ERROR_MESSAGE}</arg>
<arg>Email ou senha inválida.</arg>
<doc>Verifies that element ``locator`` contains exact the text ``expected``.</doc>
<msg timestamp="20220930 21:52:36.527" level="INFO">Verifying element '//div[@class='flash error']' contains exact text 'Email ou senha inválida.'.</msg>
<status status="PASS" starttime="20220930 21:52:36.525" endtime="20220930 21:52:36.542"/>
</kw>
<status status="PASS" starttime="20220930 21:52:36.495" endtime="20220930 21:52:36.543"/>
</kw>
<kw name="Fechar navegador" library="hooks" type="TEARDOWN">
<kw name="Close Browser" library="SeleniumLibrary">
<doc>Closes the current browser.</doc>
<status status="PASS" starttime="20220930 21:52:36.543" endtime="20220930 21:52:38.751"/>
</kw>
<status status="PASS" starttime="20220930 21:52:36.543" endtime="20220930 21:52:38.752"/>
</kw>
<tag>flogin</tag>
<status status="PASS" starttime="20220930 21:52:28.829" endtime="20220930 21:52:38.753"/>
</test>
<doc>Aqui neste arquivo estaram presentes todos os tipos de
variáveis que iremos estudar ao longo do treinamento.</doc>
<status status="PASS" starttime="20220930 21:52:28.052" endtime="20220930 21:52:38.760"/>
</suite>
<statistics>
<total>
<stat pass="1" fail="0" skip="0">All Tests</stat>
</total>
<tag>
<stat pass="1" fail="0" skip="0">flogin</stat>
</tag>
<suite>
<stat pass="1" fail="0" skip="0" id="s1" name="Webautomation">Webautomation</stat>
</suite>
</statistics>
<errors>
</errors>
</robot>
